[debug] [2021-12-09T14:59:41.247Z] ----------------------------------------------------------------------
[debug] [2021-12-09T14:59:41.249Z] Command:       C:\Program Files\nodejs\node.exe C:\Users\shawa\AppData\Roaming\npm\node_modules\firebase-tools\lib\bin\firebase.js init
[debug] [2021-12-09T14:59:41.249Z] CLI Version:   9.23.1
[debug] [2021-12-09T14:59:41.249Z] Platform:      win32
[debug] [2021-12-09T14:59:41.249Z] Node Version:  v14.17.3
[debug] [2021-12-09T14:59:41.250Z] Time:          Thu Dec 09 2021 20:29:41 GMT+0530 (India Standard Time)
[debug] [2021-12-09T14:59:41.250Z] ----------------------------------------------------------------------
[debug] 
[debug] [2021-12-09T14:59:41.256Z] > command requires scopes: ["email","openid","https://www.googleapis.com/auth/cloudplatformprojects.readonly","https://www.googleapis.com/auth/firebase","https://www.googleapis.com/auth/cloud-platform"]
[debug] [2021-12-09T14:59:41.256Z] > authorizing via signed-in user (shawamar0115@gmail.com)
[info] 
     ######## #### ########  ######## ########     ###     ######  ########
     ##        ##  ##     ## ##       ##     ##  ##   ##  ##       ##
     ######    ##  ########  ######   ########  #########  ######  ######
     ##        ##  ##    ##  ##       ##     ## ##     ##       ## ##
     ##       #### ##     ## ######## ########  ##     ##  ######  ########

You're about to initialize a Firebase project in this directory:

  D:\Coding\web_dev\rEACT JS\Food_Recipe\food_recipe

[info] 
=== Project Setup
[info] 
[info] First, let's associate this project directory with a Firebase project.
[info] You can create multiple project aliases by running firebase use --add, 
[info] but for now we'll just set up a default project.
[info] 
[debug] [2021-12-09T15:00:24.587Z] > refreshing access token with scopes: []
[debug] [2021-12-09T15:00:24.588Z] >>> HTTP REQUEST POST https://www.googleapis.com/oauth2/v3/token  
 <request body omitted>
[debug] [2021-12-09T15:00:25.792Z] <<< HTTP RESPONSE 200 {"date":"Thu, 09 Dec 2021 15:00:23 GMT","expires":"Mon, 01 Jan 1990 00:00:00 GMT","cache-control":"no-cache, no-store, max-age=0, must-revalidate","pragma":"no-cache","content-type":"application/json; charset=utf-8","vary":"X-Origin, Referer, Origin,Accept-Encoding","server":"scaffolding on HTTPServer2","x-xss-protection":"0","x-frame-options":"SAMEORIGIN","x-content-type-options":"nosniff","alt-svc":"h3=\":443\"; ma=2592000,h3-29=\":443\"; ma=2592000,h3-Q050=\":443\"; ma=2592000,h3-Q046=\":443\"; ma=2592000,h3-Q043=\":443\"; ma=2592000,quic=\":443\"; ma=2592000; v=\"46,43\"","accept-ranges":"none","transfer-encoding":"chunked"}
[debug] [2021-12-09T15:00:25.802Z] >>> [apiv2][query] GET https://firebase.googleapis.com/v1beta1/projects pageSize=100
[debug] [2021-12-09T15:00:26.736Z] <<< [apiv2][status] GET https://firebase.googleapis.com/v1beta1/projects 200
[debug] [2021-12-09T15:00:26.736Z] <<< [apiv2][body] GET https://firebase.googleapis.com/v1beta1/projects [omitted]
